[0.078s] Invoking command in '/home/cam/GitHub/autonomy_2022_23/aruco_detection/ros2_ws/build/tag_detector': /usr/bin/cmake --build /home/cam/GitHub/autonomy_2022_23/aruco_detection/ros2_ws/build/tag_detector -- -j4 -l4
[0.174s] -- Found ament_cmake: 1.3.3 (/opt/ros/humble/share/ament_cmake/cmake)
[0.899s] -- Found rclpy: 3.3.5 (/opt/ros/humble/share/rclpy/cmake)
[0.899s] -- Found rosidl_default_generators: 1.2.0 (/opt/ros/humble/share/rosidl_default_generators/cmake)
[0.908s] -- Using all available rosidl_typesupport_c: rosidl_typesupport_fastrtps_c;rosidl_typesupport_introspection_c
[0.921s] -- Found rosidl_adapter: 3.1.4 (/opt/ros/humble/share/rosidl_adapter/cmake)
[1.129s] -- Using all available rosidl_typesupport_cpp: rosidl_typesupport_fastrtps_cpp;rosidl_typesupport_introspection_cpp
[2.089s] Error parsing '/home/cam/GitHub/autonomy_2022_23/aruco_detection/ros2_ws/src/tag_detector/package.xml':
[2.287s] Traceback (most recent call last):
[2.288s]   File "/opt/ros/humble/share/ament_cmake_core/cmake/core/package_xml_2_cmake.py", line 150, in <module>
[2.288s]     main()
[2.288s]   File "/opt/ros/humble/share/ament_cmake_core/cmake/core/package_xml_2_cmake.py", line 53, in main
[2.289s]     raise e
[2.289s]   File "/opt/ros/humble/share/ament_cmake_core/cmake/core/package_xml_2_cmake.py", line 49, in main
[2.289s]     package = parse_package_string(
[2.290s]   File "/usr/lib/python3/dist-packages/catkin_pkg/package.py", line 788, in parse_package_string
[2.294s]     pkg.validate(warnings=warnings)
[2.296s]   File "/usr/lib/python3/dist-packages/catkin_pkg/package.py", line 330, in validate
[2.297s]     raise InvalidPackage('\n'.join(errors), self.filename)
[2.298s] catkin_pkg.package.InvalidPackage: Error(s) in package '/home/cam/GitHub/autonomy_2022_23/aruco_detection/ros2_ws/src/tag_detector/package.xml':
[2.299s] The package "tag_detector" must not "exec_depend" on a package with the same name as this package
[2.377s] [31mCMake Error at /opt/ros/humble/share/ament_cmake_core/cmake/core/ament_package_xml.cmake:95 (message):
[2.378s]   execute_process(/usr/bin/python3.10
[2.378s]   /opt/ros/humble/share/ament_cmake_core/cmake/core/package_xml_2_cmake.py
[2.378s]   /home/cam/GitHub/autonomy_2022_23/aruco_detection/ros2_ws/src/tag_detector/package.xml
[2.379s]   /home/cam/GitHub/autonomy_2022_23/aruco_detection/ros2_ws/build/tag_detector/ament_cmake_core/package.cmake)
[2.379s]   returned error code 1
[2.380s] Call Stack (most recent call first):
[2.380s]   /opt/ros/humble/share/ament_cmake_core/cmake/core/ament_package_xml.cmake:49 (_ament_package_xml)
[2.380s]   /opt/ros/humble/share/rosidl_cmake/cmake/rosidl_generate_interfaces.cmake:226 (ament_package_xml)
[2.381s]   CMakeLists.txt:21 (rosidl_generate_interfaces)
[2.381s] 
[2.382s] [0m
[2.382s] -- Configuring incomplete, errors occurred!
[2.383s] See also "/home/cam/GitHub/autonomy_2022_23/aruco_detection/ros2_ws/build/tag_detector/CMakeFiles/CMakeOutput.log".
[2.395s] gmake: *** [Makefile:254: cmake_check_build_system] Error 1
[2.402s] Invoked command in '/home/cam/GitHub/autonomy_2022_23/aruco_detection/ros2_ws/build/tag_detector' returned '2': /usr/bin/cmake --build /home/cam/GitHub/autonomy_2022_23/aruco_detection/ros2_ws/build/tag_detector -- -j4 -l4
